<?xml version="1.0" encoding="UTF-8"?><testsuite failures="1" name="cucumber.runtime.formatter.JUnitFormatter" skipped="0" tests="6" time="347.055486">
<testcase classname="Free CRM Contact Page Functionality" name="Verify create new contacts functionality" time="68.220698">
<system-out><![CDATA[Given user is already on Login Page.........................................passed
When title of login page is Cogmento CRM....................................passed
Then user enters "vighnaharta.rupesh@gmail.com" and "rudra@1911"............passed
Then user clicks on login button............................................passed
And user is on home page....................................................passed
Then user click on Contact option from options..............................passed
Then user click on New button to create contact.............................passed
Then user enters details "Tom" and "Hank"...................................passed
Then user click on Save button..............................................passed
Then user close browser.....................................................passed
]]></system-out>
</testcase>
<testcase classname="Free CRM Contact Page Functionality" name="Verify create new contacts functionality 2" time="63.660601">
<system-out><![CDATA[Given user is already on Login Page.........................................passed
When title of login page is Cogmento CRM....................................passed
Then user enters "vighnaharta.rupesh@gmail.com" and "rudra@1911"............passed
Then user clicks on login button............................................passed
And user is on home page....................................................passed
Then user click on Contact option from options..............................passed
Then user click on New button to create contact.............................passed
Then user enters details "Chris" and "Einstein".............................passed
Then user click on Save button..............................................passed
Then user close browser.....................................................passed
]]></system-out>
</testcase>
<testcase classname="Free CRM Deals Page Functionality" name="Verify create new deal functionality" time="68.466596">
<system-out><![CDATA[Given user is already on Login Page.........................................passed
When title of login page is Cogmento CRM....................................passed
Then user enters "vighnaharta.rupesh@gmail.com" and "rudra@1911"............passed
Then user clicks on login button............................................passed
And user is on home page....................................................passed
Then user click on Deals option from options................................passed
Then user click on New button to create deal................................passed
Then user enters deals details "Test1" and "50" and "10"....................passed
Then user click on Save button..............................................passed
Then user close browser.....................................................passed
]]></system-out>
</testcase>
<testcase classname="Free CRM Deals Page Functionality" name="Verify create new deal functionality 2" time="57.69733">
<system-out><![CDATA[Given user is already on Login Page.........................................passed
When title of login page is Cogmento CRM....................................passed
Then user enters "vighnaharta.rupesh@gmail.com" and "rudra@1911"............passed
Then user clicks on login button............................................passed
And user is on home page....................................................passed
Then user click on Deals option from options................................passed
Then user click on New button to create deal................................passed
Then user enters deals details "Test2" and "60" and "35"....................passed
Then user click on Save button..............................................passed
Then user close browser.....................................................passed
]]></system-out>
</testcase>
<testcase classname="Free CRM Login Feature" name="Verify Free CRM Login Page" time="39.613711">
<system-out><![CDATA[Given user is already on Login Page.........................................passed
When title of login page is Cogmento CRM....................................passed
Then user enters "vighnaharta.rupesh@gmail.com" and "rudra@1911"............passed
Then user clicks on login button............................................passed
And user is on home page....................................................passed
Then user close browser.....................................................passed
]]></system-out>
</testcase>
<testcase classname="Free CRM Login Feature" name="Verify Free CRM Login Page 2" time="49.39655">
<failure message="org.openqa.selenium.NoSuchElementException: no such element: Unable to locate element: {&quot;method&quot;:&quot;xpath&quot;,&quot;selector&quot;:&quot;//span[@class='user-display']&quot;}&#10;  (Session info: chrome=80.0.3987.149)&#10;For documentation on this error, please visit: http://seleniumhq.org/exceptions/no_such_element.html&#10;Build info: version: '3.5.3', revision: 'a88d25fe6b', time: '2017-08-29T12:42:44.417Z'&#10;System info: host: 'LAPTOP-JF89UMLV', ip: '192.168.0.104', os.name: 'Windows 10', os.arch: 'amd64', os.version: '10.0', java.version: '1.8.0_211'&#10;Driver info: org.openqa.selenium.chrome.ChromeDriver&#10;Capabilities [{networkConnectionEnabled=false, chrome={chromedriverVersion=79.0.3945.16 (93fcc21110c10dbbd49bbff8f472335360e31d05-refs/branch-heads/3945@{#262}), userDataDir=C:\Users\RUPESH~1\AppData\Local\Temp\scoped_dir22348_1718800702}, timeouts={implicit=0, pageLoad=300000, script=30000}, pageLoadStrategy=normal, unhandledPromptBehavior=dismiss and notify, strictFileInteractability=false, platform=XP, proxy=Proxy(), goog:chromeOptions={debuggerAddress=localhost:64090}, acceptInsecureCerts=false, browserVersion=80.0.3987.149, browserName=chrome, javascriptEnabled=true, platformName=XP, setWindowRect=true}]&#10;Session ID: ae27bd40a4b862f4dc527ce236328267&#10;*** Element info: {Using=xpath, value=//span[@class='user-display']}&#13;&#10;&#9;at sun.reflect.NativeConstructorAccessorImpl.newInstance0(Native Method)&#13;&#10;&#9;at sun.reflect.NativeConstructorAccessorImpl.newInstance(NativeConstructorAccessorImpl.java:62)&#13;&#10;&#9;at sun.reflect.DelegatingConstructorAccessorImpl.newInstance(DelegatingConstructorAccessorImpl.java:45)&#13;&#10;&#9;at java.lang.reflect.Constructor.newInstance(Constructor.java:423)&#13;&#10;&#9;at org.openqa.selenium.remote.http.W3CHttpResponseCodec.createException(W3CHttpResponseCodec.java:185)&#13;&#10;&#9;at org.openqa.selenium.remote.http.W3CHttpResponseCodec.decode(W3CHttpResponseCodec.java:120)&#13;&#10;&#9;at org.openqa.selenium.remote.http.W3CHttpResponseCodec.decode(W3CHttpResponseCodec.java:49)&#13;&#10;&#9;at org.openqa.selenium.remote.HttpCommandExecutor.execute(HttpCommandExecutor.java:164)&#13;&#10;&#9;at org.openqa.selenium.remote.service.DriverCommandExecutor.execute(DriverCommandExecutor.java:82)&#13;&#10;&#9;at org.openqa.selenium.remote.RemoteWebDriver.execute(RemoteWebDriver.java:646)&#13;&#10;&#9;at org.openqa.selenium.remote.RemoteWebDriver.findElement(RemoteWebDriver.java:416)&#13;&#10;&#9;at org.openqa.selenium.remote.RemoteWebDriver.findElementByXPath(RemoteWebDriver.java:518)&#13;&#10;&#9;at org.openqa.selenium.By$ByXPath.findElement(By.java:361)&#13;&#10;&#9;at org.openqa.selenium.remote.RemoteWebDriver.findElement(RemoteWebDriver.java:408)&#13;&#10;&#9;at stepDefinition.loginStepDefinition.user_is_on_home_page(loginStepDefinition.java:56)&#13;&#10;&#9;at ✽.user is on home page(src/main/java/Features/Login.feature:23)&#13;&#10;"><![CDATA[Given user is already on Login Page.........................................passed
When title of login page is Cogmento CRM....................................passed
Then user enters "skdfbsdfb@sdfbfs.com" and "reset@asd".....................passed
Then user clicks on login button............................................passed
And user is on home page....................................................failed
Then user close browser.....................................................skipped

StackTrace:
org.openqa.selenium.NoSuchElementException: no such element: Unable to locate element: {"method":"xpath","selector":"//span[@class='user-display']"}
  (Session info: chrome=80.0.3987.149)
For documentation on this error, please visit: http://seleniumhq.org/exceptions/no_such_element.html
Build info: version: '3.5.3', revision: 'a88d25fe6b', time: '2017-08-29T12:42:44.417Z'
System info: host: 'LAPTOP-JF89UMLV', ip: '192.168.0.104', os.name: 'Windows 10', os.arch: 'amd64', os.version: '10.0', java.version: '1.8.0_211'
Driver info: org.openqa.selenium.chrome.ChromeDriver
Capabilities [{networkConnectionEnabled=false, chrome={chromedriverVersion=79.0.3945.16 (93fcc21110c10dbbd49bbff8f472335360e31d05-refs/branch-heads/3945@{#262}), userDataDir=C:\Users\RUPESH~1\AppData\Local\Temp\scoped_dir22348_1718800702}, timeouts={implicit=0, pageLoad=300000, script=30000}, pageLoadStrategy=normal, unhandledPromptBehavior=dismiss and notify, strictFileInteractability=false, platform=XP, proxy=Proxy(), goog:chromeOptions={debuggerAddress=localhost:64090}, acceptInsecureCerts=false, browserVersion=80.0.3987.149, browserName=chrome, javascriptEnabled=true, platformName=XP, setWindowRect=true}]
Session ID: ae27bd40a4b862f4dc527ce236328267
*** Element info: {Using=xpath, value=//span[@class='user-display']}
	at sun.reflect.NativeConstructorAccessorImpl.newInstance0(Native Method)
	at sun.reflect.NativeConstructorAccessorImpl.newInstance(NativeConstructorAccessorImpl.java:62)
	at sun.reflect.DelegatingConstructorAccessorImpl.newInstance(DelegatingConstructorAccessorImpl.java:45)
	at java.lang.reflect.Constructor.newInstance(Constructor.java:423)
	at org.openqa.selenium.remote.http.W3CHttpResponseCodec.createException(W3CHttpResponseCodec.java:185)
	at org.openqa.selenium.remote.http.W3CHttpResponseCodec.decode(W3CHttpResponseCodec.java:120)
	at org.openqa.selenium.remote.http.W3CHttpResponseCodec.decode(W3CHttpResponseCodec.java:49)
	at org.openqa.selenium.remote.HttpCommandExecutor.execute(HttpCommandExecutor.java:164)
	at org.openqa.selenium.remote.service.DriverCommandExecutor.execute(DriverCommandExecutor.java:82)
	at org.openqa.selenium.remote.RemoteWebDriver.execute(RemoteWebDriver.java:646)
	at org.openqa.selenium.remote.RemoteWebDriver.findElement(RemoteWebDriver.java:416)
	at org.openqa.selenium.remote.RemoteWebDriver.findElementByXPath(RemoteWebDriver.java:518)
	at org.openqa.selenium.By$ByXPath.findElement(By.java:361)
	at org.openqa.selenium.remote.RemoteWebDriver.findElement(RemoteWebDriver.java:408)
	at stepDefinition.loginStepDefinition.user_is_on_home_page(loginStepDefinition.java:56)
	at ✽.user is on home page(src/main/java/Features/Login.feature:23)
]]></failure>
</testcase>
</testsuite>
