<?xml version="1.0" encoding="UTF-8"?><testsuite failures="0" name="cucumber.runtime.formatter.JUnitFormatter" skipped="0" tests="2" time="121.838305">
<testcase classname="Free CRM Contact Page Functionality" name="Verify create new contacts functionality" time="61.707372">
<system-out><![CDATA[Given user is already on Login Page.........................................passed
When title of login page is Cogmento CRM....................................passed
Then user enters "vighnaharta.rupesh@gmail.com" and "rudra@1911"............passed
Then user clicks on login button............................................passed
And user is on home page....................................................passed
Then user click on Contact option from options..............................passed
Then user click on New button to create contact.............................passed
Then user enters details "Tom" and "Hank"...................................passed
Then user click on Save button..............................................passed
Then user close browser.....................................................passed
]]></system-out>
</testcase>
<testcase classname="Free CRM Contact Page Functionality" name="Verify create new contacts functionality 2" time="60.130933">
<system-out><![CDATA[Given user is already on Login Page.........................................passed
When title of login page is Cogmento CRM....................................passed
Then user enters "vighnaharta.rupesh@gmail.com" and "rudra@1911"............passed
Then user clicks on login button............................................passed
And user is on home page....................................................passed
Then user click on Contact option from options..............................passed
Then user click on New button to create contact.............................passed
Then user enters details "Chris" and "Einstein".............................passed
Then user click on Save button..............................................passed
Then user close browser.....................................................passed
]]></system-out>
</testcase>
</testsuite>
